[debug] [2024-10-10T00:12:16.097Z] ----------------------------------------------------------------------
[debug] [2024-10-10T00:12:16.098Z] Command:       C:\Users\97250\AppData\Roaming\npm\node_modules\node\bin\node.exe C:\Users\97250\AppData\Roaming\npm\node_modules\firebase-tools\lib\bin\firebase.js init
[debug] [2024-10-10T00:12:16.099Z] CLI Version:   13.22.0
[debug] [2024-10-10T00:12:16.099Z] Platform:      win32
[debug] [2024-10-10T00:12:16.099Z] Node Version:  v18.17.0
[debug] [2024-10-10T00:12:16.100Z] Time:          Thu Oct 10 2024 03:12:16 GMT+0300 (Israel Daylight Time)
[debug] [2024-10-10T00:12:16.100Z] ----------------------------------------------------------------------
[debug] 
[debug] [2024-10-10T00:12:16.105Z] > command requires scopes: ["email","openid","https://www.googleapis.com/auth/cloudplatformprojects.readonly","https://www.googleapis.com/auth/firebase","https://www.googleapis.com/auth/cloud-platform"]
[debug] [2024-10-10T00:12:16.106Z] > authorizing via signed-in user (tuviaa109@gmail.com)
[info] 
     ######## #### ########  ######## ########     ###     ######  ########
     ##        ##  ##     ## ##       ##     ##  ##   ##  ##       ##
     ######    ##  ########  ######   ########  #########  ######  ######
     ##        ##  ##    ##  ##       ##     ## ##     ##       ## ##
     ##       #### ##     ## ######## ########  ##     ##  ######  ########

You're about to initialize a Firebase project in this directory:

  C:\Users\97250\playgive

[info] 
=== Project Setup
[info] 
[info] First, let's associate this project directory with a Firebase project.
[info] You can create multiple project aliases by running firebase use --add, 
[info] but for now we'll just set up a default project.
[info] 
[debug] [2024-10-10T00:14:00.698Z] Checked if tokens are valid: true, expires at: 1728521829368
[debug] [2024-10-10T00:14:00.698Z] Checked if tokens are valid: true, expires at: 1728521829368
[debug] [2024-10-10T00:14:00.700Z] >>> [apiv2][query] GET https://firebase.googleapis.com/v1beta1/projects pageSize=100
[debug] [2024-10-10T00:14:01.247Z] <<< [apiv2][status] GET https://firebase.googleapis.com/v1beta1/projects 200
[debug] [2024-10-10T00:14:01.247Z] <<< [apiv2][body] GET https://firebase.googleapis.com/v1beta1/projects [omitted]
[info] i  Using project tuviaarielcv (TuviaArielCV) 
[info] 
=== Hosting Setup
[debug] [2024-10-10T00:14:04.873Z] Checked if tokens are valid: true, expires at: 1728521829368
[debug] [2024-10-10T00:14:04.873Z] Checked if tokens are valid: true, expires at: 1728521829368
[debug] [2024-10-10T00:14:04.873Z] >>> [apiv2][query] GET https://firebase.googleapis.com/v1beta1/projects/tuviaarielcv [none]
[debug] [2024-10-10T00:14:05.182Z] <<< [apiv2][status] GET https://firebase.googleapis.com/v1beta1/projects/tuviaarielcv 200
[debug] [2024-10-10T00:14:05.182Z] <<< [apiv2][body] GET https://firebase.googleapis.com/v1beta1/projects/tuviaarielcv {"projectId":"tuviaarielcv","projectNumber":"944732899200","displayName":"TuviaArielCV","name":"projects/tuviaarielcv","resources":{"hostingSite":"tuviaarielcv"},"state":"ACTIVE","etag":"1_2c243e3f-fbf4-45bd-9792-665fde8497d9"}
[info] 
[info] Your public directory is the folder (relative to your project directory) that
[info] will contain Hosting assets to be uploaded with firebase deploy. If you
[info] have a build process for your assets, use your build's output directory.
[info] 
[debug] [2024-10-10T00:15:27.840Z] >>> [apiv2][query] GET https://www.gstatic.com/firebasejs/releases.json [none]
[debug] [2024-10-10T00:15:27.994Z] <<< [apiv2][status] GET https://www.gstatic.com/firebasejs/releases.json 200
[debug] [2024-10-10T00:15:27.994Z] <<< [apiv2][body] GET https://www.gstatic.com/firebasejs/releases.json {"current":{"version":"10.14.0","browserURL":"https://www.gstatic.com/firebasejs/10.14.0/firebase.js","packageURL":"https://www.gstatic.com/firebasejs/10.14.0/firebase.tgz"},"live":{"version":"10.14","browserURL":"https://www.gstatic.com/firebasejs/live/10.14/firebase.js","packageURL":"https://www.gstatic.com/firebasejs/live/10.14/firebase.tgz"},"components":{"analytics":"https://www.gstatic.com/firebasejs/10.14.0/firebase-analytics.js","app":"https://www.gstatic.com/firebasejs/10.14.0/firebase-app.js","app-check":"https://www.gstatic.com/firebasejs/10.14.0/firebase-app-check.js","auth":"https://www.gstatic.com/firebasejs/10.14.0/firebase-auth.js","auth/cordova":"https://www.gstatic.com/firebasejs/10.14.0/firebase-auth/cordova.js","auth/web-extension":"https://www.gstatic.com/firebasejs/10.14.0/firebase-auth/web-extension.js","functions":"https://www.gstatic.com/firebasejs/10.14.0/firebase-functions.js","firestore":"https://www.gstatic.com/firebasejs/10.14.0/firebase-firestore.js","firestore/lite":"https://www.gstatic.com/firebasejs/10.14.0/firebase-firestore/lite.js","installations":"https://www.gstatic.com/firebasejs/10.14.0/firebase-installations.js","storage":"https://www.gstatic.com/firebasejs/10.14.0/firebase-storage.js","performance":"https://www.gstatic.com/firebasejs/10.14.0/firebase-performance.js","remote-config":"https://www.gstatic.com/firebasejs/10.14.0/firebase-remote-config.js","messaging":"https://www.gstatic.com/firebasejs/10.14.0/firebase-messaging.js","messaging/sw":"https://www.gstatic.com/firebasejs/10.14.0/firebase-messaging/sw.js","database":"https://www.gstatic.com/firebasejs/10.14.0/firebase-database.js","data-connect":"https://www.gstatic.com/firebasejs/10.14.0/firebase-data-connect.js","vertexai-preview":"https://www.gstatic.com/firebasejs/10.14.0/firebase-vertexai-preview.js","firestore.memory":"https://www.gstatic.com/firebasejs/10.14.0/firebase-firestore.memory.js"}}
[info] i  Skipping write of build/index.html 
[info] 
[info] i  Detected a .git folder at C:\Users\97250\playgive 
[info] i  Authorizing with GitHub to upload your service account to a GitHub repository's secrets store. 
[info] 
[info] Visit this URL on this device to log in:
[info] https://github.com/login/oauth/authorize?client_id=89cf50f02ac6aaed3484&state=647014024&redirect_uri=http%3A%2F%2Flocalhost%3A9005&scope=read%3Auser%20repo%20public_repo
[info] 
[info] Waiting for authentication...
[debug] [2024-10-10T00:16:47.896Z] >>> [apiv2][query] POST https://github.com/login/oauth/access_token [none]
[debug] [2024-10-10T00:16:47.897Z] >>> [apiv2][body] POST https://github.com/login/oauth/access_token [stream]
[debug] [2024-10-10T00:16:48.318Z] <<< [apiv2][status] POST https://github.com/login/oauth/access_token 200
[debug] [2024-10-10T00:16:48.318Z] <<< [apiv2][body] POST https://github.com/login/oauth/access_token {"access_token":"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","token_type":"bearer","scope":"read:user,repo"}
[debug] [2024-10-10T00:16:48.322Z] >>> [apiv2][query] GET https://api.github.com/user [none]
[debug] [2024-10-10T00:16:48.787Z] <<< [apiv2][status] GET https://api.github.com/user 200
[debug] [2024-10-10T00:16:48.787Z] <<< [apiv2][body] GET https://api.github.com/user {"login":"tuviariel","id":13731740,"node_id":"MDQ6VXNlcjEzNzMxNzQw","avatar_url":"https://avatars.githubusercontent.com/u/13731740?v=4","gravatar_id":"","url":"https://api.github.com/users/tuviariel","html_url":"https://github.com/tuviariel","followers_url":"https://api.github.com/users/tuviariel/followers","following_url":"https://api.github.com/users/tuviariel/following{/other_user}","gists_url":"https://api.github.com/users/tuviariel/gists{/gist_id}","starred_url":"https://api.github.com/users/tuviariel/starred{/owner}{/repo}","subscriptions_url":"https://api.github.com/users/tuviariel/subscriptions","organizations_url":"https://api.github.com/users/tuviariel/orgs","repos_url":"https://api.github.com/users/tuviariel/repos","events_url":"https://api.github.com/users/tuviariel/events{/privacy}","received_events_url":"https://api.github.com/users/tuviariel/received_events","type":"User","site_admin":false,"name":"Tuvia","company":"Leminda","blog":"","location":"Shefer, Israel","email":"tuviaa109@gmail.com","hireable":null,"bio":null,"twitter_username":null,"notification_email":"tuviaa109@gmail.com","public_repos":14,"public_gists":1,"followers":0,"following":0,"created_at":"2015-08-10T13:23:04Z","updated_at":"2024-09-30T08:50:24Z","private_gists":0,"total_private_repos":9,"owned_private_repos":9,"disk_usage":55825,"collaborators":0,"two_factor_authentication":true,"plan":{"name":"free","space":976562499,"collaborators":0,"private_repos":10000}}
[info] 
[info] +  Success! Logged into GitHub as tuviariel 
[info] 
